<?xml version="1.0" encoding="UTF-8"?>
<!-- Generated by org.testng.reporters.JUnitXMLReporter -->
<testsuite ignored="0" hostname="DELL" failures="0" tests="4" name="submitOrderTest" time="31.158" errors="0" timestamp="2025-07-28T16:26:04 IST">
  <testcase classname="Selenium.test.submitOrderTest" name="SubmitOrder" time="5.58"/>
  <testcase classname="Selenium.test.submitOrderTest" name="SubmitOrder" time="5.54"/>
  <testcase classname="Selenium.test.submitOrderTest" name="varifyOrderDisplay" time="2.877"/>
  <testcase classname="Selenium.test.submitOrderTest" name="varifyOrderDisplay" time="2.739"/>
</testsuite> <!-- submitOrderTest -->
